[debug] [2026-04-07T18:08:25.144Z] ----------------------------------------------------------------------
[debug] [2026-04-07T18:08:25.146Z] Command:       /usr/bin/node /home/gamerx/churn_prediction/node_modules/.bin/firebase deploy --only hosting
[debug] [2026-04-07T18:08:25.146Z] CLI Version:   15.13.0
[debug] [2026-04-07T18:08:25.147Z] Platform:      linux
[debug] [2026-04-07T18:08:25.147Z] Node Version:  v25.8.1
[debug] [2026-04-07T18:08:25.147Z] Time:          Tue Apr 07 2026 23:38:25 GMT+0530 (India Standard Time)
[debug] [2026-04-07T18:08:25.147Z] ----------------------------------------------------------------------
[debug] 
[debug] [2026-04-07T18:08:25.916Z] > command requires scopes: ["email","openid","https://www.googleapis.com/auth/cloudplatformprojects.readonly","https://www.googleapis.com/auth/firebase","https://www.googleapis.com/auth/cloud-platform"]
[debug] [2026-04-07T18:08:26.057Z] Running auto auth
[debug] [2026-04-07T18:08:26.058Z] [iam] checking project studentmanagement-7cc46 for permissions ["firebase.projects.get","firebasehosting.sites.update"]
[debug] [2026-04-07T18:08:26.058Z] No OAuth tokens found
[debug] [2026-04-07T18:08:26.059Z] >>> [apiv2][query] POST https://cloudresourcemanager.googleapis.com/v1/projects/studentmanagement-7cc46:testIamPermissions [none]
[debug] [2026-04-07T18:08:26.059Z] >>> [apiv2][(partial)header] POST https://cloudresourcemanager.googleapis.com/v1/projects/studentmanagement-7cc46:testIamPermissions  x-goog-user-project=studentmanagement-7cc46
[debug] [2026-04-07T18:08:26.059Z] >>> [apiv2][body] POST https://cloudresourcemanager.googleapis.com/v1/projects/studentmanagement-7cc46:testIamPermissions {"permissions":["firebase.projects.get","firebasehosting.sites.update"]}
[debug] [2026-04-07T18:08:27.423Z] <<< [apiv2][status] POST https://cloudresourcemanager.googleapis.com/v1/projects/studentmanagement-7cc46:testIamPermissions 403
[debug] [2026-04-07T18:08:27.423Z] <<< [apiv2][body] POST https://cloudresourcemanager.googleapis.com/v1/projects/studentmanagement-7cc46:testIamPermissions {"error":{"code":403,"message":"Caller does not have required permission to use project studentmanagement-7cc46. Grant the caller the roles/serviceusage.serviceUsageConsumer role, or a custom role with the serviceusage.services.use permission, by visiting https://console.developers.google.com/iam-admin/iam?project=studentmanagement-7cc46 and then retry. Propagation of the new permission may take a few minutes.","status":"PERMISSION_DENIED","details":[{"@type":"type.googleapis.com/google.rpc.ErrorInfo","reason":"USER_PROJECT_DENIED","domain":"googleapis.com","metadata":{"consoleUrl":"https://console.developers.google.com/iam-admin/iam?project=studentmanagement-7cc46","containerInfo":"studentmanagement-7cc46","service":"cloudresourcemanager.googleapis.com","consumer":"projects/studentmanagement-7cc46"}},{"@type":"type.googleapis.com/google.rpc.LocalizedMessage","locale":"en-US","message":"Caller does not have required permission to use project studentmanagement-7cc46. Grant the caller the roles/serviceusage.serviceUsageConsumer role, or a custom role with the serviceusage.services.use permission, by visiting https://console.developers.google.com/iam-admin/iam?project=studentmanagement-7cc46 and then retry. Propagation of the new permission may take a few minutes."},{"@type":"type.googleapis.com/google.rpc.Help","links":[{"description":"Google developer console IAM admin","url":"https://console.developers.google.com/iam-admin/iam?project=studentmanagement-7cc46"}]}]}}
[debug] [2026-04-07T18:08:27.424Z] [iam] error while checking permissions, command may fail: Request to https://cloudresourcemanager.googleapis.com/v1/projects/studentmanagement-7cc46:testIamPermissions had HTTP Error: 403, Caller does not have required permission to use project studentmanagement-7cc46. Grant the caller the roles/serviceusage.serviceUsageConsumer role, or a custom role with the serviceusage.services.use permission, by visiting https://console.developers.google.com/iam-admin/iam?project=studentmanagement-7cc46 and then retry. Propagation of the new permission may take a few minutes.
[debug] [2026-04-07T18:08:27.424Z] No OAuth tokens found
[debug] [2026-04-07T18:08:27.425Z] >>> [apiv2][query] GET https://firebase.googleapis.com/v1beta1/projects/studentmanagement-7cc46 [none]
[debug] [2026-04-07T18:08:27.824Z] <<< [apiv2][status] GET https://firebase.googleapis.com/v1beta1/projects/studentmanagement-7cc46 200
[debug] [2026-04-07T18:08:27.825Z] <<< [apiv2][body] GET https://firebase.googleapis.com/v1beta1/projects/studentmanagement-7cc46 {"projectId":"studentmanagement-7cc46","projectNumber":"754108692438","displayName":"studentmanagement","name":"projects/studentmanagement-7cc46","resources":{"hostingSite":"studentmanagement-7cc46"},"state":"ACTIVE","etag":"1_b504c672-6c3b-4dc1-b387-1178de33582c"}
[info] 
[info] === Deploying to 'studentmanagement-7cc46'...
[info] 
[info] i  deploying hosting 
[debug] [2026-04-07T18:08:27.827Z] No OAuth tokens found
[debug] [2026-04-07T18:08:27.828Z] >>> [apiv2][query] POST https://firebasehosting.googleapis.com/v1beta1/projects/-/sites/studentmanagement-7cc46/versions [none]
[debug] [2026-04-07T18:08:27.828Z] >>> [apiv2][body] POST https://firebasehosting.googleapis.com/v1beta1/projects/-/sites/studentmanagement-7cc46/versions {"status":"CREATED","labels":{"deployment-tool":"cli-firebase"}}
